<?xml version="1.0" encoding="UTF-8"?>
<testng-results skipped="0" failed="1" total="5" passed="4">
  <reporter-output>
  </reporter-output>
  <suite name="Adactin_Portal_Validation" duration-ms="34633" started-at="2017-04-13T02:29:47Z" finished-at="2017-04-13T02:30:22Z">
    <groups>
    </groups>
    <test name="Regression" duration-ms="34633" started-at="2017-04-13T02:29:47Z" finished-at="2017-04-13T02:30:22Z">
      <class name="testCases.VerifyValidUserLogIn">
        <test-method status="PASS" signature="setUp()[pri:0, instance:testCases.VerifyValidUserLogIn@39aeed2f]" name="setUp" is-config="true" duration-ms="5047" started-at="2017-04-12T22:29:53Z" finished-at="2017-04-12T22:29:58Z">
          <reporter-output>
          </reporter-output>
        </test-method> <!-- setUp -->
        <test-method status="PASS" signature="test_ValidUserLogIn()[pri:0, instance:testCases.VerifyValidUserLogIn@39aeed2f]" name="test_ValidUserLogIn" duration-ms="5351" started-at="2017-04-12T22:29:58Z" finished-at="2017-04-12T22:30:03Z">
          <reporter-output>
          </reporter-output>
        </test-method> <!-- test_ValidUserLogIn -->
        <test-method status="PASS" signature="tearDown(org.testng.ITestResult)[pri:0, instance:testCases.VerifyValidUserLogIn@39aeed2f]" name="tearDown" is-config="true" duration-ms="272" started-at="2017-04-12T22:30:03Z" finished-at="2017-04-12T22:30:04Z">
          <params>
            <param index="0">
              <value>
                <![CDATA[[TestResult name=test_ValidUserLogIn status=SUCCESS method=VerifyValidUserLogIn.test_ValidUserLogIn()[pri:0, instance:testCases.VerifyValidUserLogIn@39aeed2f] output={null}]]]>
              </value>
            </param>
          </params>
          <reporter-output>
          </reporter-output>
        </test-method> <!-- tearDown -->
      </class> <!-- testCases.VerifyValidUserLogIn -->
      <class name="testCases.VerifyForgotPassword">
        <test-method status="PASS" signature="seUp()[pri:0, instance:testCases.VerifyForgotPassword@4c70fda8]" name="seUp" is-config="true" duration-ms="4485" started-at="2017-04-12T22:30:11Z" finished-at="2017-04-12T22:30:16Z">
          <reporter-output>
          </reporter-output>
        </test-method> <!-- seUp -->
        <test-method status="PASS" signature="test_VerifyForgotPassword()[pri:0, instance:testCases.VerifyForgotPassword@4c70fda8]" name="test_VerifyForgotPassword" duration-ms="62" started-at="2017-04-12T22:30:16Z" finished-at="2017-04-12T22:30:16Z">
          <reporter-output>
          </reporter-output>
        </test-method> <!-- test_VerifyForgotPassword -->
        <test-method status="PASS" signature="tearDown(org.testng.ITestResult)[pri:0, instance:testCases.VerifyForgotPassword@4c70fda8]" name="tearDown" is-config="true" duration-ms="255" started-at="2017-04-12T22:30:16Z" finished-at="2017-04-12T22:30:16Z">
          <params>
            <param index="0">
              <value>
                <![CDATA[[TestResult name=test_VerifyForgotPassword status=SUCCESS method=VerifyForgotPassword.test_VerifyForgotPassword()[pri:0, instance:testCases.VerifyForgotPassword@4c70fda8] output={null}]]]>
              </value>
            </param>
          </params>
          <reporter-output>
          </reporter-output>
        </test-method> <!-- tearDown -->
      </class> <!-- testCases.VerifyForgotPassword -->
      <class name="testCases.VerifyPopUpTextNewUserRegistration">
        <test-method status="PASS" signature="setUp()[pri:0, instance:testCases.VerifyPopUpTextNewUserRegistration@14acaea5]" name="setUp" is-config="true" duration-ms="3462" started-at="2017-04-12T22:30:16Z" finished-at="2017-04-12T22:30:19Z">
          <reporter-output>
          </reporter-output>
        </test-method> <!-- setUp -->
        <test-method status="PASS" signature="test_VerifyNewUserRegistration()[pri:0, instance:testCases.VerifyPopUpTextNewUserRegistration@14acaea5]" name="test_VerifyNewUserRegistration" duration-ms="2047" started-at="2017-04-12T22:30:19Z" finished-at="2017-04-12T22:30:22Z">
          <reporter-output>
          </reporter-output>
        </test-method> <!-- test_VerifyNewUserRegistration -->
        <test-method status="PASS" signature="tearDown(org.testng.ITestResult)[pri:0, instance:testCases.VerifyPopUpTextNewUserRegistration@14acaea5]" name="tearDown" is-config="true" duration-ms="271" started-at="2017-04-12T22:30:22Z" finished-at="2017-04-12T22:30:22Z">
          <params>
            <param index="0">
              <value>
                <![CDATA[[TestResult name=test_VerifyNewUserRegistration status=SUCCESS method=VerifyPopUpTextNewUserRegistration.test_VerifyNewUserRegistration()[pri:0, instance:testCases.VerifyPopUpTextNewUserRegistration@14acaea5] output={null}]]]>
              </value>
            </param>
          </params>
          <reporter-output>
          </reporter-output>
        </test-method> <!-- tearDown -->
      </class> <!-- testCases.VerifyPopUpTextNewUserRegistration -->
      <class name="testCases.VerifyHomePage">
        <test-method status="PASS" signature="setUp()[pri:0, instance:testCases.VerifyHomePage@224edc67]" name="setUp" is-config="true" duration-ms="5084" started-at="2017-04-12T22:29:47Z" finished-at="2017-04-12T22:29:52Z">
          <reporter-output>
          </reporter-output>
        </test-method> <!-- setUp -->
        <test-method status="PASS" signature="test_VerifyHomePage()[pri:0, instance:testCases.VerifyHomePage@224edc67]" name="test_VerifyHomePage" duration-ms="45" started-at="2017-04-12T22:29:52Z" finished-at="2017-04-12T22:29:52Z">
          <reporter-output>
          </reporter-output>
        </test-method> <!-- test_VerifyHomePage -->
        <test-method status="PASS" signature="tearDown(org.testng.ITestResult)[pri:0, instance:testCases.VerifyHomePage@224edc67]" name="tearDown" is-config="true" duration-ms="515" started-at="2017-04-12T22:29:52Z" finished-at="2017-04-12T22:29:53Z">
          <params>
            <param index="0">
              <value>
                <![CDATA[[TestResult name=test_VerifyHomePage status=SUCCESS method=VerifyHomePage.test_VerifyHomePage()[pri:0, instance:testCases.VerifyHomePage@224edc67] output={null}]]]>
              </value>
            </param>
          </params>
          <reporter-output>
          </reporter-output>
        </test-method> <!-- tearDown -->
      </class> <!-- testCases.VerifyHomePage -->
      <class name="testCases.VerifyInvalidUserLogIn">
        <test-method status="PASS" signature="seUp()[pri:0, instance:testCases.VerifyInvalidUserLogIn@26be92ad]" name="seUp" is-config="true" duration-ms="5127" started-at="2017-04-12T22:30:04Z" finished-at="2017-04-12T22:30:09Z">
          <reporter-output>
          </reporter-output>
        </test-method> <!-- seUp -->
        <test-method status="FAIL" signature="test_InvalidUserLogIn()[pri:0, instance:testCases.VerifyInvalidUserLogIn@26be92ad]" name="test_InvalidUserLogIn" duration-ms="1242" started-at="2017-04-12T22:30:09Z" finished-at="2017-04-12T22:30:10Z">
          <exception class="java.lang.AssertionError">
            <message>
              <![CDATA[Value didn't get match expected [Mnvalid] but found [Invalid Login Details]]]>
            </message>
            <full-stacktrace>
              <![CDATA[java.lang.AssertionError: Value didn't get match expected [Mnvalid] but found [Invalid Login Details]
	at org.testng.Assert.fail(Assert.java:94)
	at org.testng.Assert.failNotEquals(Assert.java:494)
	at org.testng.Assert.assertEquals(Assert.java:123)
	at org.testng.Assert.assertEquals(Assert.java:176)
	at pages.HomePage.verifyTextEleemnt(HomePage.java:95)
	at testCases.VerifyInvalidUserLogIn.test_InvalidUserLogIn(VerifyInvalidUserLogIn.java:35)
	at sun.reflect.NativeMethodAccessorImpl.invoke0(Native Method)
	at sun.reflect.NativeMethodAccessorImpl.invoke(NativeMethodAccessorImpl.java:62)
	at sun.reflect.DelegatingMethodAccessorImpl.invoke(DelegatingMethodAccessorImpl.java:43)
	at java.lang.reflect.Method.invoke(Method.java:498)
	at org.testng.internal.MethodInvocationHelper.invokeMethod(MethodInvocationHelper.java:80)
	at org.testng.internal.Invoker.invokeMethod(Invoker.java:714)
	at org.testng.internal.Invoker.invokeTestMethod(Invoker.java:901)
	at org.testng.internal.Invoker.invokeTestMethods(Invoker.java:1231)
	at org.testng.internal.TestMethodWorker.invokeTestMethods(TestMethodWorker.java:127)
	at org.testng.internal.TestMethodWorker.run(TestMethodWorker.java:111)
	at org.testng.TestRunner.privateRun(TestRunner.java:767)
	at org.testng.TestRunner.run(TestRunner.java:617)
	at org.testng.SuiteRunner.runTest(SuiteRunner.java:334)
	at org.testng.SuiteRunner.runSequentially(SuiteRunner.java:329)
	at org.testng.SuiteRunner.privateRun(SuiteRunner.java:291)
	at org.testng.SuiteRunner.run(SuiteRunner.java:240)
	at org.testng.SuiteRunnerWorker.runSuite(SuiteRunnerWorker.java:52)
	at org.testng.SuiteRunnerWorker.run(SuiteRunnerWorker.java:86)
	at org.testng.TestNG.runSuitesSequentially(TestNG.java:1198)
	at org.testng.TestNG.runSuitesLocally(TestNG.java:1123)
	at org.testng.TestNG.run(TestNG.java:1031)
	at org.testng.remote.AbstractRemoteTestNG.run(AbstractRemoteTestNG.java:132)
	at org.testng.remote.RemoteTestNG.initAndRun(RemoteTestNG.java:230)
	at org.testng.remote.RemoteTestNG.main(RemoteTestNG.java:76)
]]>
            </full-stacktrace>
          </exception> <!-- java.lang.AssertionError -->
          <reporter-output>
          </reporter-output>
        </test-method> <!-- test_InvalidUserLogIn -->
        <test-method status="PASS" signature="tearDown(org.testng.ITestResult)[pri:0, instance:testCases.VerifyInvalidUserLogIn@26be92ad]" name="tearDown" is-config="true" duration-ms="1325" started-at="2017-04-12T22:30:10Z" finished-at="2017-04-12T22:30:11Z">
          <params>
            <param index="0">
              <value>
                <![CDATA[[TestResult name=test_InvalidUserLogIn status=FAILURE method=VerifyInvalidUserLogIn.test_InvalidUserLogIn()[pri:0, instance:testCases.VerifyInvalidUserLogIn@26be92ad] output={null}]]]>
              </value>
            </param>
          </params>
          <reporter-output>
          </reporter-output>
        </test-method> <!-- tearDown -->
      </class> <!-- testCases.VerifyInvalidUserLogIn -->
    </test> <!-- Regression -->
  </suite> <!-- Adactin_Portal_Validation -->
</testng-results>
