<?xml version="1.0" encoding="UTF-8"?>
<!-- Generated by org.testng.reporters.JUnitXMLReporter -->
<testsuite hostname="Biswajits-MacBook-Pro.local" name="Regression" tests="5" failures="1" timestamp="13 Apr 2017 02:30:22 GMT" time="34.633" errors="0">
  <testcase name="test_VerifyHomePage" time="0.045" classname="testCases.VerifyHomePage"/>
  <testcase name="test_ValidUserLogIn" time="5.351" classname="testCases.VerifyValidUserLogIn"/>
  <testcase name="test_InvalidUserLogIn" time="1.242" classname="testCases.VerifyInvalidUserLogIn">
    <failure type="java.lang.AssertionError" message="Value didn&amp;apos;t get match expected [Mnvalid] but found [Invalid Login Details]">
      <![CDATA[java.lang.AssertionError: Value didn't get match expected [Mnvalid] but found [Invalid Login Details]
	at pages.HomePage.verifyTextEleemnt(HomePage.java:95)
	at testCases.VerifyInvalidUserLogIn.test_InvalidUserLogIn(VerifyInvalidUserLogIn.java:35)
... Removed 28 stack frames]]>
    </failure>
  </testcase> <!-- test_InvalidUserLogIn -->
  <testcase name="test_VerifyForgotPassword" time="0.062" classname="testCases.VerifyForgotPassword"/>
  <testcase name="test_VerifyNewUserRegistration" time="2.047" classname="testCases.VerifyPopUpTextNewUserRegistration"/>
</testsuite> <!-- Regression -->
